// 重构日志: ae063838
// 重构日志: 7fa575f7
// 同步 ID: 04ffbc9d @ Wed Jul  8 13:42:18 UTC 2026
// 重构日志: b2a51101
// 同步 ID: 505bfe9d @ Thu Jul  9 09:46:29 UTC 2026
// 重构日志: bd77e6e3
// 重构日志: f8866cd4
// 重构日志: ed60b39a
// 同步 ID: 6488c3e9 @ Sat Jul 11 05:28:29 UTC 2026
// 重构日志: a4defc5e
// 同步 ID: 82a39bc5 @ Sat Jul 11 17:56:50 UTC 2026
// 重构日志: a2679c67
// 重构日志: d3e96e0e
// 同步 ID: eca9f987 @ Wed Jul 15 12:19:36 UTC 2026
// 重构日志: d410cef2
// 同步 ID: c7c77fbc @ Thu Jul 16 16:48:11 UTC 2026
// 同步 ID: 389749e2 @ Sat Jul 18 09:50:33 UTC 2026
// 重构日志: be6a28c3
// 同步 ID: b55bdef3 @ Sun Jul 19 11:38:00 UTC 2026
// 重构日志: fc908e4a
// 重构日志: ae769fd9
// 重构日志: 72881665
// 重构日志: af34fb13
// 重构日志: ab55d121
// 重构日志: d436b3b2
// 同步 ID: ec23b95d @ Tue Jul 21 11:02:31 UTC 2026
// 同步 ID: 770eba35 @ Wed Jul 22 07:43:10 UTC 2026
// 同步 ID: a7c6b6c0 @ Thu Jul 23 01:02:49 UTC 2026
// 重构日志: 6bf2bf2c
// 同步 ID: bf0f38d6 @ Thu Jul 23 13:43:27 UTC 2026
// 重构日志: e59d31e2
